{"/Users/ruanpeng/works/jerry_coding_test/src/RangeList.ts": {"path":"/Users/ruanpeng/works/jerry_coding_test/src/RangeList.ts","all":false,"statementMap":{"0":{"start":{"line":1,"column":0},"end":{"line":1,"column":3}},"1":{"start":{"line":2,"column":0},"end":{"line":2,"column":2}},"2":{"start":{"line":3,"column":0},"end":{"line":3,"column":15}},"3":{"start":{"line":4,"column":0},"end":{"line":4,"column":32}},"4":{"start":{"line":5,"column":0},"end":{"line":5,"column":38}},"5":{"start":{"line":6,"column":0},"end":{"line":6,"column":58}},"6":{"start":{"line":7,"column":0},"end":{"line":7,"column":48}},"7":{"start":{"line":8,"column":0},"end":{"line":8,"column":77}},"8":{"start":{"line":9,"column":0},"end":{"line":9,"column":32}},"9":{"start":{"line":10,"column":0},"end":{"line":10,"column":28}},"10":{"start":{"line":11,"column":0},"end":{"line":11,"column":2}},"11":{"start":{"line":12,"column":0},"end":{"line":12,"column":3}},"12":{"start":{"line":13,"column":0},"end":{"line":13,"column":0}},"13":{"start":{"line":14,"column":0},"end":{"line":14,"column":21}},"14":{"start":{"line":15,"column":0},"end":{"line":15,"column":19}},"15":{"start":{"line":16,"column":0},"end":{"line":16,"column":24}},"16":{"start":{"line":17,"column":0},"end":{"line":17,"column":1}},"17":{"start":{"line":18,"column":0},"end":{"line":18,"column":0}},"18":{"start":{"line":19,"column":0},"end":{"line":19,"column":17}},"19":{"start":{"line":20,"column":0},"end":{"line":20,"column":37}},"20":{"start":{"line":21,"column":0},"end":{"line":21,"column":0}},"21":{"start":{"line":22,"column":0},"end":{"line":22,"column":5}},"22":{"start":{"line":23,"column":0},"end":{"line":23,"column":31}},"23":{"start":{"line":24,"column":0},"end":{"line":24,"column":98}},"24":{"start":{"line":25,"column":0},"end":{"line":25,"column":52}},"25":{"start":{"line":26,"column":0},"end":{"line":26,"column":5}},"26":{"start":{"line":27,"column":0},"end":{"line":27,"column":58}},"27":{"start":{"line":28,"column":0},"end":{"line":28,"column":29}},"28":{"start":{"line":29,"column":0},"end":{"line":29,"column":16}},"29":{"start":{"line":30,"column":0},"end":{"line":30,"column":23}},"30":{"start":{"line":31,"column":0},"end":{"line":31,"column":50}},"31":{"start":{"line":32,"column":0},"end":{"line":32,"column":8}},"32":{"start":{"line":33,"column":0},"end":{"line":33,"column":5}},"33":{"start":{"line":34,"column":0},"end":{"line":34,"column":0}},"34":{"start":{"line":35,"column":0},"end":{"line":35,"column":30}},"35":{"start":{"line":36,"column":0},"end":{"line":36,"column":14}},"36":{"start":{"line":37,"column":0},"end":{"line":37,"column":23}},"37":{"start":{"line":38,"column":0},"end":{"line":38,"column":86}},"38":{"start":{"line":39,"column":0},"end":{"line":39,"column":8}},"39":{"start":{"line":40,"column":0},"end":{"line":40,"column":5}},"40":{"start":{"line":41,"column":0},"end":{"line":41,"column":0}},"41":{"start":{"line":42,"column":0},"end":{"line":42,"column":12}},"42":{"start":{"line":43,"column":0},"end":{"line":43,"column":20}},"43":{"start":{"line":44,"column":0},"end":{"line":44,"column":6}},"44":{"start":{"line":45,"column":0},"end":{"line":45,"column":3}},"45":{"start":{"line":46,"column":0},"end":{"line":46,"column":0}},"46":{"start":{"line":47,"column":0},"end":{"line":47,"column":5}},"47":{"start":{"line":48,"column":0},"end":{"line":48,"column":29}},"48":{"start":{"line":49,"column":0},"end":{"line":49,"column":98}},"49":{"start":{"line":50,"column":0},"end":{"line":50,"column":5}},"50":{"start":{"line":51,"column":0},"end":{"line":51,"column":24}},"51":{"start":{"line":52,"column":0},"end":{"line":52,"column":53}},"52":{"start":{"line":53,"column":0},"end":{"line":53,"column":29}},"53":{"start":{"line":54,"column":0},"end":{"line":54,"column":55}},"54":{"start":{"line":55,"column":0},"end":{"line":55,"column":5}},"55":{"start":{"line":56,"column":0},"end":{"line":56,"column":0}},"56":{"start":{"line":57,"column":0},"end":{"line":57,"column":38}},"57":{"start":{"line":58,"column":0},"end":{"line":58,"column":36}},"58":{"start":{"line":59,"column":0},"end":{"line":59,"column":0}},"59":{"start":{"line":60,"column":0},"end":{"line":60,"column":40}},"60":{"start":{"line":61,"column":0},"end":{"line":61,"column":58}},"61":{"start":{"line":62,"column":0},"end":{"line":62,"column":0}},"62":{"start":{"line":63,"column":0},"end":{"line":63,"column":48}},"63":{"start":{"line":64,"column":0},"end":{"line":64,"column":107}},"64":{"start":{"line":65,"column":0},"end":{"line":65,"column":34}},"65":{"start":{"line":66,"column":0},"end":{"line":66,"column":50}},"66":{"start":{"line":67,"column":0},"end":{"line":67,"column":14}},"67":{"start":{"line":68,"column":0},"end":{"line":68,"column":7}},"68":{"start":{"line":69,"column":0},"end":{"line":69,"column":0}},"69":{"start":{"line":70,"column":0},"end":{"line":70,"column":45}},"70":{"start":{"line":71,"column":0},"end":{"line":71,"column":48}},"71":{"start":{"line":72,"column":0},"end":{"line":72,"column":46}},"72":{"start":{"line":73,"column":0},"end":{"line":73,"column":0}},"73":{"start":{"line":74,"column":0},"end":{"line":74,"column":52}},"74":{"start":{"line":75,"column":0},"end":{"line":75,"column":41}},"75":{"start":{"line":76,"column":0},"end":{"line":76,"column":50}},"76":{"start":{"line":77,"column":0},"end":{"line":77,"column":0}},"77":{"start":{"line":78,"column":0},"end":{"line":78,"column":31}},"78":{"start":{"line":79,"column":0},"end":{"line":79,"column":37}},"79":{"start":{"line":80,"column":0},"end":{"line":80,"column":49}},"80":{"start":{"line":81,"column":0},"end":{"line":81,"column":9}},"81":{"start":{"line":82,"column":0},"end":{"line":82,"column":7}},"82":{"start":{"line":83,"column":0},"end":{"line":83,"column":0}},"83":{"start":{"line":84,"column":0},"end":{"line":84,"column":29}},"84":{"start":{"line":85,"column":0},"end":{"line":85,"column":46}},"85":{"start":{"line":86,"column":0},"end":{"line":86,"column":40}},"86":{"start":{"line":87,"column":0},"end":{"line":87,"column":7}},"87":{"start":{"line":88,"column":0},"end":{"line":88,"column":0}},"88":{"start":{"line":89,"column":0},"end":{"line":89,"column":49}},"89":{"start":{"line":90,"column":0},"end":{"line":90,"column":12}},"90":{"start":{"line":91,"column":0},"end":{"line":91,"column":61}},"91":{"start":{"line":92,"column":0},"end":{"line":92,"column":55}},"92":{"start":{"line":93,"column":0},"end":{"line":93,"column":7}},"93":{"start":{"line":94,"column":0},"end":{"line":94,"column":5}},"94":{"start":{"line":95,"column":0},"end":{"line":95,"column":0}},"95":{"start":{"line":96,"column":0},"end":{"line":96,"column":34}},"96":{"start":{"line":97,"column":0},"end":{"line":97,"column":3}},"97":{"start":{"line":98,"column":0},"end":{"line":98,"column":0}},"98":{"start":{"line":99,"column":0},"end":{"line":99,"column":5}},"99":{"start":{"line":100,"column":0},"end":{"line":100,"column":34}},"100":{"start":{"line":101,"column":0},"end":{"line":101,"column":98}},"101":{"start":{"line":102,"column":0},"end":{"line":102,"column":5}},"102":{"start":{"line":103,"column":0},"end":{"line":103,"column":27}},"103":{"start":{"line":104,"column":0},"end":{"line":104,"column":53}},"104":{"start":{"line":105,"column":0},"end":{"line":105,"column":29}},"105":{"start":{"line":106,"column":0},"end":{"line":106,"column":55}},"106":{"start":{"line":107,"column":0},"end":{"line":107,"column":5}},"107":{"start":{"line":108,"column":0},"end":{"line":108,"column":0}},"108":{"start":{"line":109,"column":0},"end":{"line":109,"column":38}},"109":{"start":{"line":110,"column":0},"end":{"line":110,"column":36}},"110":{"start":{"line":111,"column":0},"end":{"line":111,"column":0}},"111":{"start":{"line":112,"column":0},"end":{"line":112,"column":40}},"112":{"start":{"line":113,"column":0},"end":{"line":113,"column":58}},"113":{"start":{"line":114,"column":0},"end":{"line":114,"column":0}},"114":{"start":{"line":115,"column":0},"end":{"line":115,"column":47}},"115":{"start":{"line":116,"column":0},"end":{"line":116,"column":45}},"116":{"start":{"line":117,"column":0},"end":{"line":117,"column":48}},"117":{"start":{"line":118,"column":0},"end":{"line":118,"column":46}},"118":{"start":{"line":119,"column":0},"end":{"line":119,"column":0}},"119":{"start":{"line":120,"column":0},"end":{"line":120,"column":57}},"120":{"start":{"line":121,"column":0},"end":{"line":121,"column":75}},"121":{"start":{"line":122,"column":0},"end":{"line":122,"column":40}},"122":{"start":{"line":123,"column":0},"end":{"line":123,"column":14}},"123":{"start":{"line":124,"column":0},"end":{"line":124,"column":95}},"124":{"start":{"line":125,"column":0},"end":{"line":125,"column":87}},"125":{"start":{"line":126,"column":0},"end":{"line":126,"column":7}},"126":{"start":{"line":127,"column":0},"end":{"line":127,"column":5}},"127":{"start":{"line":128,"column":0},"end":{"line":128,"column":0}},"128":{"start":{"line":129,"column":0},"end":{"line":129,"column":34}},"129":{"start":{"line":130,"column":0},"end":{"line":130,"column":3}},"130":{"start":{"line":131,"column":0},"end":{"line":131,"column":0}},"131":{"start":{"line":132,"column":0},"end":{"line":132,"column":5}},"132":{"start":{"line":133,"column":0},"end":{"line":133,"column":52}},"133":{"start":{"line":134,"column":0},"end":{"line":134,"column":5}},"134":{"start":{"line":135,"column":0},"end":{"line":135,"column":11}},"135":{"start":{"line":136,"column":0},"end":{"line":136,"column":20}},"136":{"start":{"line":137,"column":0},"end":{"line":137,"column":39}},"137":{"start":{"line":138,"column":0},"end":{"line":138,"column":46}},"138":{"start":{"line":139,"column":0},"end":{"line":139,"column":7}},"139":{"start":{"line":140,"column":0},"end":{"line":140,"column":27}},"140":{"start":{"line":141,"column":0},"end":{"line":141,"column":0}},"141":{"start":{"line":142,"column":0},"end":{"line":142,"column":24}},"142":{"start":{"line":143,"column":0},"end":{"line":143,"column":0}},"143":{"start":{"line":144,"column":0},"end":{"line":144,"column":18}},"144":{"start":{"line":145,"column":0},"end":{"line":145,"column":3}},"145":{"start":{"line":146,"column":0},"end":{"line":146,"column":1}},"146":{"start":{"line":147,"column":0},"end":{"line":147,"column":0}},"147":{"start":{"line":148,"column":0},"end":{"line":148,"column":25}},"148":{"start":{"line":149,"column":0},"end":{"line":149,"column":0}},"149":{"start":{"line":150,"column":0},"end":{"line":150,"column":27}},"150":{"start":{"line":151,"column":0},"end":{"line":151,"column":0}},"151":{"start":{"line":152,"column":0},"end":{"line":152,"column":15}},"152":{"start":{"line":153,"column":0},"end":{"line":153,"column":11}},"153":{"start":{"line":154,"column":0},"end":{"line":154,"column":0}},"154":{"start":{"line":155,"column":0},"end":{"line":155,"column":17}},"155":{"start":{"line":156,"column":0},"end":{"line":156,"column":11}},"156":{"start":{"line":157,"column":0},"end":{"line":157,"column":0}},"157":{"start":{"line":158,"column":0},"end":{"line":158,"column":17}},"158":{"start":{"line":159,"column":0},"end":{"line":159,"column":11}},"159":{"start":{"line":160,"column":0},"end":{"line":160,"column":0}},"160":{"start":{"line":161,"column":0},"end":{"line":161,"column":17}},"161":{"start":{"line":162,"column":0},"end":{"line":162,"column":11}},"162":{"start":{"line":163,"column":0},"end":{"line":163,"column":0}},"163":{"start":{"line":164,"column":0},"end":{"line":164,"column":15}},"164":{"start":{"line":165,"column":0},"end":{"line":165,"column":11}},"165":{"start":{"line":166,"column":0},"end":{"line":166,"column":0}},"166":{"start":{"line":167,"column":0},"end":{"line":167,"column":15}},"167":{"start":{"line":168,"column":0},"end":{"line":168,"column":11}},"168":{"start":{"line":169,"column":0},"end":{"line":169,"column":0}},"169":{"start":{"line":170,"column":0},"end":{"line":170,"column":20}},"170":{"start":{"line":171,"column":0},"end":{"line":171,"column":11}},"171":{"start":{"line":172,"column":0},"end":{"line":172,"column":0}},"172":{"start":{"line":173,"column":0},"end":{"line":173,"column":20}},"173":{"start":{"line":174,"column":0},"end":{"line":174,"column":11}},"174":{"start":{"line":175,"column":0},"end":{"line":175,"column":0}},"175":{"start":{"line":176,"column":0},"end":{"line":176,"column":20}},"176":{"start":{"line":177,"column":0},"end":{"line":177,"column":11}},"177":{"start":{"line":178,"column":0},"end":{"line":178,"column":0}},"178":{"start":{"line":179,"column":0},"end":{"line":179,"column":19}},"179":{"start":{"line":180,"column":0},"end":{"line":180,"column":11}}},"s":{"0":1,"1":1,"2":1,"3":1,"4":1,"5":1,"6":1,"7":1,"8":1,"9":1,"10":1,"11":1,"12":1,"13":1,"14":1,"15":1,"16":1,"17":1,"18":1,"19":1,"20":1,"21":1,"22":1,"23":1,"24":1,"25":1,"26":1,"27":46,"28":2,"29":2,"30":2,"31":2,"32":2,"33":44,"34":46,"35":2,"36":2,"37":2,"38":2,"39":2,"40":42,"41":42,"42":42,"43":42,"44":42,"45":1,"46":1,"47":1,"48":1,"49":1,"50":1,"51":32,"52":32,"53":2,"54":2,"55":30,"56":30,"57":30,"58":30,"59":30,"60":30,"61":30,"62":32,"63":65,"64":65,"65":20,"66":20,"67":20,"68":45,"69":45,"70":45,"71":45,"72":45,"73":45,"74":65,"75":10,"76":10,"77":10,"78":10,"79":10,"80":10,"81":10,"82":35,"83":35,"84":35,"85":15,"86":15,"87":20,"88":20,"89":20,"90":20,"91":20,"92":20,"93":65,"94":30,"95":30,"96":30,"97":1,"98":1,"99":1,"100":1,"101":1,"102":1,"103":14,"104":14,"105":2,"106":2,"107":12,"108":12,"109":12,"110":12,"111":12,"112":12,"113":12,"114":14,"115":27,"116":27,"117":27,"118":27,"119":27,"120":27,"121":12,"122":27,"123":15,"124":15,"125":15,"126":27,"127":12,"128":12,"129":12,"130":1,"131":1,"132":1,"133":1,"134":1,"135":30,"136":30,"137":60,"138":60,"139":30,"140":30,"141":30,"142":30,"143":30,"144":30,"145":1,"146":1,"147":1,"148":1,"149":1,"150":1,"151":1,"152":1,"153":1,"154":1,"155":1,"156":1,"157":1,"158":1,"159":1,"160":1,"161":1,"162":1,"163":1,"164":1,"165":1,"166":1,"167":1,"168":1,"169":1,"170":1,"171":1,"172":1,"173":1,"174":1,"175":1,"176":1,"177":1,"178":1,"179":1},"branchMap":{"0":{"type":"branch","line":20,"loc":{"start":{"line":20,"column":10},"end":{"line":20,"column":37}},"locations":[{"start":{"line":20,"column":10},"end":{"line":20,"column":37}}]},"1":{"type":"branch","line":27,"loc":{"start":{"line":27,"column":10},"end":{"line":45,"column":3}},"locations":[{"start":{"line":27,"column":10},"end":{"line":45,"column":3}}]},"2":{"type":"branch","line":28,"loc":{"start":{"line":28,"column":28},"end":{"line":33,"column":5}},"locations":[{"start":{"line":28,"column":28},"end":{"line":33,"column":5}}]},"3":{"type":"branch","line":34,"loc":{"start":{"line":34,"column":-1},"end":{"line":35,"column":8}},"locations":[{"start":{"line":34,"column":-1},"end":{"line":35,"column":8}}]},"4":{"type":"branch","line":35,"loc":{"start":{"line":35,"column":29},"end":{"line":40,"column":5}},"locations":[{"start":{"line":35,"column":29},"end":{"line":40,"column":5}}]},"5":{"type":"branch","line":41,"loc":{"start":{"line":41,"column":-1},"end":{"line":45,"column":3}},"locations":[{"start":{"line":41,"column":-1},"end":{"line":45,"column":3}}]},"6":{"type":"branch","line":51,"loc":{"start":{"line":51,"column":2},"end":{"line":97,"column":3}},"locations":[{"start":{"line":51,"column":2},"end":{"line":97,"column":3}}]},"7":{"type":"branch","line":53,"loc":{"start":{"line":53,"column":28},"end":{"line":55,"column":5}},"locations":[{"start":{"line":53,"column":28},"end":{"line":55,"column":5}}]},"8":{"type":"branch","line":56,"loc":{"start":{"line":56,"column":-1},"end":{"line":63,"column":9}},"locations":[{"start":{"line":56,"column":-1},"end":{"line":63,"column":9}}]},"9":{"type":"branch","line":63,"loc":{"start":{"line":63,"column":47},"end":{"line":94,"column":5}},"locations":[{"start":{"line":63,"column":47},"end":{"line":94,"column":5}}]},"10":{"type":"branch","line":65,"loc":{"start":{"line":65,"column":33},"end":{"line":68,"column":7}},"locations":[{"start":{"line":65,"column":33},"end":{"line":68,"column":7}}]},"11":{"type":"branch","line":69,"loc":{"start":{"line":69,"column":-1},"end":{"line":75,"column":10}},"locations":[{"start":{"line":69,"column":-1},"end":{"line":75,"column":10}}]},"12":{"type":"branch","line":75,"loc":{"start":{"line":75,"column":40},"end":{"line":82,"column":7}},"locations":[{"start":{"line":75,"column":40},"end":{"line":82,"column":7}}]},"13":{"type":"branch","line":83,"loc":{"start":{"line":83,"column":-1},"end":{"line":93,"column":7}},"locations":[{"start":{"line":83,"column":-1},"end":{"line":93,"column":7}}]},"14":{"type":"branch","line":85,"loc":{"start":{"line":85,"column":45},"end":{"line":87,"column":7}},"locations":[{"start":{"line":85,"column":45},"end":{"line":87,"column":7}}]},"15":{"type":"branch","line":88,"loc":{"start":{"line":88,"column":-1},"end":{"line":93,"column":7}},"locations":[{"start":{"line":88,"column":-1},"end":{"line":93,"column":7}}]},"16":{"type":"branch","line":95,"loc":{"start":{"line":95,"column":-1},"end":{"line":97,"column":3}},"locations":[{"start":{"line":95,"column":-1},"end":{"line":97,"column":3}}]},"17":{"type":"branch","line":103,"loc":{"start":{"line":103,"column":2},"end":{"line":130,"column":3}},"locations":[{"start":{"line":103,"column":2},"end":{"line":130,"column":3}}]},"18":{"type":"branch","line":105,"loc":{"start":{"line":105,"column":28},"end":{"line":107,"column":5}},"locations":[{"start":{"line":105,"column":28},"end":{"line":107,"column":5}}]},"19":{"type":"branch","line":108,"loc":{"start":{"line":108,"column":-1},"end":{"line":115,"column":9}},"locations":[{"start":{"line":108,"column":-1},"end":{"line":115,"column":9}}]},"20":{"type":"branch","line":115,"loc":{"start":{"line":115,"column":46},"end":{"line":127,"column":5}},"locations":[{"start":{"line":115,"column":46},"end":{"line":127,"column":5}}]},"21":{"type":"branch","line":121,"loc":{"start":{"line":121,"column":10},"end":{"line":121,"column":74}},"locations":[{"start":{"line":121,"column":10},"end":{"line":121,"column":74}}]},"22":{"type":"branch","line":121,"loc":{"start":{"line":121,"column":74},"end":{"line":123,"column":13}},"locations":[{"start":{"line":121,"column":74},"end":{"line":123,"column":13}}]},"23":{"type":"branch","line":123,"loc":{"start":{"line":123,"column":7},"end":{"line":126,"column":7}},"locations":[{"start":{"line":123,"column":7},"end":{"line":126,"column":7}}]},"24":{"type":"branch","line":124,"loc":{"start":{"line":124,"column":44},"end":{"line":124,"column":56}},"locations":[{"start":{"line":124,"column":44},"end":{"line":124,"column":56}}]},"25":{"type":"branch","line":125,"loc":{"start":{"line":125,"column":40},"end":{"line":125,"column":52}},"locations":[{"start":{"line":125,"column":40},"end":{"line":125,"column":52}}]},"26":{"type":"branch","line":128,"loc":{"start":{"line":128,"column":-1},"end":{"line":130,"column":3}},"locations":[{"start":{"line":128,"column":-1},"end":{"line":130,"column":3}}]},"27":{"type":"branch","line":135,"loc":{"start":{"line":135,"column":2},"end":{"line":145,"column":3}},"locations":[{"start":{"line":135,"column":2},"end":{"line":145,"column":3}}]},"28":{"type":"branch","line":137,"loc":{"start":{"line":137,"column":28},"end":{"line":139,"column":7}},"locations":[{"start":{"line":137,"column":28},"end":{"line":139,"column":7}}]}},"b":{"0":[5],"1":[46],"2":[2],"3":[44],"4":[2],"5":[42],"6":[32],"7":[2],"8":[30],"9":[65],"10":[20],"11":[45],"12":[10],"13":[35],"14":[15],"15":[20],"16":[30],"17":[14],"18":[2],"19":[12],"20":[27],"21":[24],"22":[12],"23":[15],"24":[6],"25":[9],"26":[12],"27":[30],"28":[60]},"fnMap":{"0":{"name":"<instance_members_initializer>","decl":{"start":{"line":20,"column":10},"end":{"line":20,"column":37}},"loc":{"start":{"line":20,"column":10},"end":{"line":20,"column":37}},"line":20},"1":{"name":"isValidRangeFormat","decl":{"start":{"line":27,"column":10},"end":{"line":45,"column":3}},"loc":{"start":{"line":27,"column":10},"end":{"line":45,"column":3}},"line":27},"2":{"name":"add","decl":{"start":{"line":51,"column":2},"end":{"line":97,"column":3}},"loc":{"start":{"line":51,"column":2},"end":{"line":97,"column":3}},"line":51},"3":{"name":"remove","decl":{"start":{"line":103,"column":2},"end":{"line":130,"column":3}},"loc":{"start":{"line":103,"column":2},"end":{"line":130,"column":3}},"line":103},"4":{"name":"print","decl":{"start":{"line":135,"column":2},"end":{"line":145,"column":3}},"loc":{"start":{"line":135,"column":2},"end":{"line":145,"column":3}},"line":135}},"f":{"0":5,"1":46,"2":32,"3":14,"4":30}}
}
