TN:
SF:src/RangeList.ts
FN:20,<instance_members_initializer>
FN:27,isValidRangeFormat
FN:51,add
FN:103,remove
FN:135,print
FNF:5
FNH:5
FNDA:5,<instance_members_initializer>
FNDA:46,isValidRangeFormat
FNDA:32,add
FNDA:14,remove
FNDA:30,print
DA:1,1
DA:2,1
DA:3,1
DA:4,1
DA:5,1
DA:6,1
DA:7,1
DA:8,1
DA:9,1
DA:10,1
DA:11,1
DA:12,1
DA:13,1
DA:14,1
DA:15,1
DA:16,1
DA:17,1
DA:18,1
DA:19,1
DA:20,1
DA:21,1
DA:22,1
DA:23,1
DA:24,1
DA:25,1
DA:26,1
DA:27,1
DA:28,46
DA:29,2
DA:30,2
DA:31,2
DA:32,2
DA:33,2
DA:34,44
DA:35,46
DA:36,2
DA:37,2
DA:38,2
DA:39,2
DA:40,2
DA:41,42
DA:42,42
DA:43,42
DA:44,42
DA:45,42
DA:46,1
DA:47,1
DA:48,1
DA:49,1
DA:50,1
DA:51,1
DA:52,32
DA:53,32
DA:54,2
DA:55,2
DA:56,30
DA:57,30
DA:58,30
DA:59,30
DA:60,30
DA:61,30
DA:62,30
DA:63,32
DA:64,65
DA:65,65
DA:66,20
DA:67,20
DA:68,20
DA:69,45
DA:70,45
DA:71,45
DA:72,45
DA:73,45
DA:74,45
DA:75,65
DA:76,10
DA:77,10
DA:78,10
DA:79,10
DA:80,10
DA:81,10
DA:82,10
DA:83,35
DA:84,35
DA:85,35
DA:86,15
DA:87,15
DA:88,20
DA:89,20
DA:90,20
DA:91,20
DA:92,20
DA:93,20
DA:94,65
DA:95,30
DA:96,30
DA:97,30
DA:98,1
DA:99,1
DA:100,1
DA:101,1
DA:102,1
DA:103,1
DA:104,14
DA:105,14
DA:106,2
DA:107,2
DA:108,12
DA:109,12
DA:110,12
DA:111,12
DA:112,12
DA:113,12
DA:114,12
DA:115,14
DA:116,27
DA:117,27
DA:118,27
DA:119,27
DA:120,27
DA:121,27
DA:122,12
DA:123,27
DA:124,15
DA:125,15
DA:126,15
DA:127,27
DA:128,12
DA:129,12
DA:130,12
DA:131,1
DA:132,1
DA:133,1
DA:134,1
DA:135,1
DA:136,30
DA:137,30
DA:138,60
DA:139,60
DA:140,30
DA:141,30
DA:142,30
DA:143,30
DA:144,30
DA:145,30
DA:146,1
DA:147,1
DA:148,1
DA:149,1
DA:150,1
DA:151,1
DA:152,1
DA:153,1
DA:154,1
DA:155,1
DA:156,1
DA:157,1
DA:158,1
DA:159,1
DA:160,1
DA:161,1
DA:162,1
DA:163,1
DA:164,1
DA:165,1
DA:166,1
DA:167,1
DA:168,1
DA:169,1
DA:170,1
DA:171,1
DA:172,1
DA:173,1
DA:174,1
DA:175,1
DA:176,1
DA:177,1
DA:178,1
DA:179,1
DA:180,1
LF:180
LH:180
BRDA:20,0,0,5
BRDA:27,1,0,46
BRDA:28,2,0,2
BRDA:34,3,0,44
BRDA:35,4,0,2
BRDA:41,5,0,42
BRDA:51,6,0,32
BRDA:53,7,0,2
BRDA:56,8,0,30
BRDA:63,9,0,65
BRDA:65,10,0,20
BRDA:69,11,0,45
BRDA:75,12,0,10
BRDA:83,13,0,35
BRDA:85,14,0,15
BRDA:88,15,0,20
BRDA:95,16,0,30
BRDA:103,17,0,14
BRDA:105,18,0,2
BRDA:108,19,0,12
BRDA:115,20,0,27
BRDA:121,21,0,24
BRDA:121,22,0,12
BRDA:123,23,0,15
BRDA:124,24,0,6
BRDA:125,25,0,9
BRDA:128,26,0,12
BRDA:135,27,0,30
BRDA:137,28,0,60
BRF:29
BRH:29
end_of_record
